41.0 APEX_CODE,FINEST;APEX_PROFILING,INFO;CALLOUT,INFO;DB,INFO;SYSTEM,DEBUG;VALIDATION,INFO;VISUALFORCE,INFO;WAVE,INFO;WORKFLOW,INFO
09:36:27.0 (396459)|USER_INFO|[EXTERNAL]|0051I000000KA2e|nicolasglz@partnercommunity.com|Pacific Standard Time|GMT-08:00
09:36:27.0 (437464)|EXECUTION_STARTED
09:36:27.0 (442021)|CODE_UNIT_STARTED|[EXTERNAL]|Aura
09:36:27.0 (1696719)|CODE_UNIT_STARTED|[EXTERNAL]|01p1I00000A1ov2|ContactsListController.findAll
09:36:27.0 (2458235)|HEAP_ALLOCATE|[72]|Bytes:3
09:36:27.0 (2505689)|HEAP_ALLOCATE|[77]|Bytes:152
09:36:27.0 (2525156)|HEAP_ALLOCATE|[342]|Bytes:408
09:36:27.0 (2541475)|HEAP_ALLOCATE|[355]|Bytes:408
09:36:27.0 (2555371)|HEAP_ALLOCATE|[467]|Bytes:48
09:36:27.0 (2583831)|HEAP_ALLOCATE|[139]|Bytes:6
09:36:27.0 (2603444)|HEAP_ALLOCATE|[EXTERNAL]|Bytes:3
09:36:27.0 (2647794)|METHOD_ENTRY|[1]|01p1I00000A1ov2|ContactsListController.ContactsListController()
09:36:27.0 (2654288)|STATEMENT_EXECUTE|[1]
09:36:27.0 (2660295)|STATEMENT_EXECUTE|[1]
09:36:27.0 (2697004)|HEAP_ALLOCATE|[50]|Bytes:5
09:36:27.0 (2722893)|HEAP_ALLOCATE|[56]|Bytes:5
09:36:27.0 (2729693)|HEAP_ALLOCATE|[64]|Bytes:7
09:36:27.0 (2751688)|SYSTEM_MODE_ENTER|false
09:36:27.0 (2771731)|HEAP_ALLOCATE|[EXTERNAL]|Bytes:5
09:36:27.0 (2780475)|SYSTEM_MODE_EXIT|false
09:36:27.0 (2801789)|METHOD_EXIT|[1]|ContactsListController
09:36:27.0 (2813688)|SYSTEM_MODE_ENTER|false
09:36:27.0 (2826445)|HEAP_ALLOCATE|[4]|Bytes:5
09:36:27.0 (2830336)|STATEMENT_EXECUTE|[3]
09:36:27.0 (2831446)|STATEMENT_EXECUTE|[4]
09:36:27.0 (2833737)|HEAP_ALLOCATE|[4]|Bytes:68
09:36:27.0 (2858342)|HEAP_ALLOCATE|[4]|Bytes:4
09:36:27.0 (3840146)|SOQL_EXECUTE_BEGIN|[4]|Aggregations:0|SELECT Name, Site, BillingAddress, Phone, Type FROM Account LIMIT 50
09:36:27.0 (6664390)|SOQL_EXECUTE_END|[4]|Rows:12
09:36:27.0 (6687359)|HEAP_ALLOCATE|[4]|Bytes:52
09:36:27.0 (6731656)|HEAP_ALLOCATE|[4]|Bytes:1518
09:36:27.0 (6795012)|HEAP_ALLOCATE|[4]|Bytes:52
09:36:27.0 (6814821)|SYSTEM_MODE_EXIT|false
09:36:27.6 (6843983)|CUMULATIVE_LIMIT_USAGE
09:36:27.6 (6843983)|LIMIT_USAGE_FOR_NS|(default)|
  Number of SOQL queries: 1 out of 100
  Number of query rows: 12 out of 50000
  Number of SOSL queries: 0 out of 20
  Number of DML statements: 0 out of 150
  Number of DML rows: 0 out of 10000
  Maximum CPU time: 0 out of 10000
  Maximum heap size: 0 out of 6000000
  Number of callouts: 0 out of 100
  Number of Email Invocations: 0 out of 10
  Number of future calls: 0 out of 50
  Number of queueable jobs added to the queue: 0 out of 50
  Number of Mobile Apex push calls: 0 out of 10

09:36:27.6 (6843983)|CUMULATIVE_LIMIT_USAGE_END

09:36:27.0 (6879921)|CODE_UNIT_FINISHED|ContactsListController.findAll
09:36:27.0 (7068564)|CODE_UNIT_FINISHED|Aura
09:36:27.0 (8016879)|EXECUTION_FINISHED
