41.0 APEX_CODE,FINEST;APEX_PROFILING,INFO;CALLOUT,INFO;DB,INFO;SYSTEM,DEBUG;VALIDATION,INFO;VISUALFORCE,INFO;WAVE,INFO;WORKFLOW,INFO
11:19:16.1 (1658049)|USER_INFO|[EXTERNAL]|0051I000000KA2e|nicolasglz@partnercommunity.com|Pacific Standard Time|GMT-08:00
11:19:16.1 (1711630)|EXECUTION_STARTED
11:19:16.1 (1717901)|CODE_UNIT_STARTED|[EXTERNAL]|Aura
11:19:16.1 (4018356)|CODE_UNIT_STARTED|[EXTERNAL]|01p1I00000A1ov2|ContactsListController.findAll
11:19:16.1 (4677875)|HEAP_ALLOCATE|[72]|Bytes:3
11:19:16.1 (4721790)|HEAP_ALLOCATE|[77]|Bytes:152
11:19:16.1 (4739534)|HEAP_ALLOCATE|[342]|Bytes:408
11:19:16.1 (4755305)|HEAP_ALLOCATE|[355]|Bytes:408
11:19:16.1 (4768132)|HEAP_ALLOCATE|[467]|Bytes:48
11:19:16.1 (4796979)|HEAP_ALLOCATE|[139]|Bytes:6
11:19:16.1 (4815734)|HEAP_ALLOCATE|[EXTERNAL]|Bytes:3
11:19:16.1 (4826668)|METHOD_ENTRY|[1]|01p1I00000A1ov2|ContactsListController.ContactsListController()
11:19:16.1 (4832550)|STATEMENT_EXECUTE|[1]
11:19:16.1 (4838682)|STATEMENT_EXECUTE|[1]
11:19:16.1 (4872118)|HEAP_ALLOCATE|[50]|Bytes:5
11:19:16.1 (4894219)|HEAP_ALLOCATE|[56]|Bytes:5
11:19:16.1 (4901533)|HEAP_ALLOCATE|[64]|Bytes:7
11:19:16.1 (4925778)|SYSTEM_MODE_ENTER|false
11:19:16.1 (4941206)|HEAP_ALLOCATE|[EXTERNAL]|Bytes:5
11:19:16.1 (4950099)|SYSTEM_MODE_EXIT|false
11:19:16.1 (4959544)|METHOD_EXIT|[1]|ContactsListController
11:19:16.1 (4974617)|SYSTEM_MODE_ENTER|false
11:19:16.1 (4987022)|HEAP_ALLOCATE|[4]|Bytes:5
11:19:16.1 (4991036)|STATEMENT_EXECUTE|[3]
11:19:16.1 (4992082)|STATEMENT_EXECUTE|[4]
11:19:16.1 (4994245)|HEAP_ALLOCATE|[4]|Bytes:68
11:19:16.1 (5016057)|HEAP_ALLOCATE|[4]|Bytes:4
11:19:16.1 (6190362)|SOQL_EXECUTE_BEGIN|[4]|Aggregations:0|SELECT Name, Site, BillingAddress, Phone, Type FROM Account LIMIT 50
11:19:16.1 (10812853)|SOQL_EXECUTE_END|[4]|Rows:12
11:19:16.1 (10836791)|HEAP_ALLOCATE|[4]|Bytes:52
11:19:16.1 (10879470)|HEAP_ALLOCATE|[4]|Bytes:1518
11:19:16.1 (10931670)|HEAP_ALLOCATE|[4]|Bytes:52
11:19:16.1 (10958882)|SYSTEM_MODE_EXIT|false
11:19:16.10 (10992438)|CUMULATIVE_LIMIT_USAGE
11:19:16.10 (10992438)|LIMIT_USAGE_FOR_NS|(default)|
  Number of SOQL queries: 1 out of 100
  Number of query rows: 12 out of 50000
  Number of SOSL queries: 0 out of 20
  Number of DML statements: 0 out of 150
  Number of DML rows: 0 out of 10000
  Maximum CPU time: 0 out of 10000
  Maximum heap size: 0 out of 6000000
  Number of callouts: 0 out of 100
  Number of Email Invocations: 0 out of 10
  Number of future calls: 0 out of 50
  Number of queueable jobs added to the queue: 0 out of 50
  Number of Mobile Apex push calls: 0 out of 10

11:19:16.10 (10992438)|CUMULATIVE_LIMIT_USAGE_END

11:19:16.1 (11027145)|CODE_UNIT_FINISHED|ContactsListController.findAll
11:19:16.1 (11217444)|CODE_UNIT_FINISHED|Aura
11:19:16.1 (12247649)|EXECUTION_FINISHED
