41.0 APEX_CODE,FINEST;APEX_PROFILING,INFO;CALLOUT,INFO;DB,INFO;SYSTEM,DEBUG;VALIDATION,INFO;VISUALFORCE,INFO;WAVE,INFO;WORKFLOW,INFO
09:17:12.0 (70081)|USER_INFO|[EXTERNAL]|0051I000000KA2e|nicolasglz@partnercommunity.com|Pacific Standard Time|GMT-08:00
09:17:12.0 (111071)|EXECUTION_STARTED
09:17:12.0 (115963)|CODE_UNIT_STARTED|[EXTERNAL]|Aura
09:17:12.0 (1115598)|CODE_UNIT_STARTED|[EXTERNAL]|01p1I00000A1ov2|ContactsListController.findAll
09:17:12.0 (1326162)|HEAP_ALLOCATE|[72]|Bytes:3
09:17:12.0 (1384604)|HEAP_ALLOCATE|[77]|Bytes:152
09:17:12.0 (1409579)|HEAP_ALLOCATE|[342]|Bytes:408
09:17:12.0 (1435845)|HEAP_ALLOCATE|[355]|Bytes:408
09:17:12.0 (1460929)|HEAP_ALLOCATE|[467]|Bytes:48
09:17:12.0 (1501475)|HEAP_ALLOCATE|[139]|Bytes:6
09:17:12.0 (1577507)|HEAP_ALLOCATE|[EXTERNAL]|Bytes:3
09:17:12.0 (1598889)|METHOD_ENTRY|[1]|01p1I00000A1ov2|ContactsListController.ContactsListController()
09:17:12.0 (1607238)|STATEMENT_EXECUTE|[1]
09:17:12.0 (1613352)|STATEMENT_EXECUTE|[1]
09:17:12.0 (1653692)|HEAP_ALLOCATE|[50]|Bytes:5
09:17:12.0 (1685335)|HEAP_ALLOCATE|[56]|Bytes:5
09:17:12.0 (1697897)|HEAP_ALLOCATE|[64]|Bytes:7
09:17:12.0 (1729132)|SYSTEM_MODE_ENTER|false
09:17:12.0 (1748842)|HEAP_ALLOCATE|[EXTERNAL]|Bytes:5
09:17:12.0 (1759731)|SYSTEM_MODE_EXIT|false
09:17:12.0 (1770986)|METHOD_EXIT|[1]|ContactsListController
09:17:12.0 (1786856)|SYSTEM_MODE_ENTER|false
09:17:12.0 (1805101)|HEAP_ALLOCATE|[4]|Bytes:5
09:17:12.0 (1811774)|STATEMENT_EXECUTE|[3]
09:17:12.0 (1813582)|STATEMENT_EXECUTE|[4]
09:17:12.0 (1816931)|HEAP_ALLOCATE|[4]|Bytes:68
09:17:12.0 (1847451)|HEAP_ALLOCATE|[4]|Bytes:4
09:17:12.0 (2416799)|SOQL_EXECUTE_BEGIN|[4]|Aggregations:0|SELECT Name, Site, BillingAddress, Phone, Type FROM Account LIMIT 50
09:17:12.0 (5715628)|SOQL_EXECUTE_END|[4]|Rows:12
09:17:12.0 (5741593)|HEAP_ALLOCATE|[4]|Bytes:52
09:17:12.0 (5798723)|HEAP_ALLOCATE|[4]|Bytes:1518
09:17:12.0 (5915652)|HEAP_ALLOCATE|[4]|Bytes:52
09:17:12.0 (5938118)|SYSTEM_MODE_EXIT|false
09:17:12.5 (5977325)|CUMULATIVE_LIMIT_USAGE
09:17:12.5 (5977325)|LIMIT_USAGE_FOR_NS|(default)|
  Number of SOQL queries: 1 out of 100
  Number of query rows: 12 out of 50000
  Number of SOSL queries: 0 out of 20
  Number of DML statements: 0 out of 150
  Number of DML rows: 0 out of 10000
  Maximum CPU time: 0 out of 10000
  Maximum heap size: 0 out of 6000000
  Number of callouts: 0 out of 100
  Number of Email Invocations: 0 out of 10
  Number of future calls: 0 out of 50
  Number of queueable jobs added to the queue: 0 out of 50
  Number of Mobile Apex push calls: 0 out of 10

09:17:12.5 (5977325)|CUMULATIVE_LIMIT_USAGE_END

09:17:12.0 (6020177)|CODE_UNIT_FINISHED|ContactsListController.findAll
09:17:12.0 (6359856)|CODE_UNIT_FINISHED|Aura
09:17:12.0 (7563937)|EXECUTION_FINISHED
