41.0 APEX_CODE,FINEST;APEX_PROFILING,INFO;CALLOUT,INFO;DB,INFO;SYSTEM,DEBUG;VALIDATION,INFO;VISUALFORCE,INFO;WAVE,INFO;WORKFLOW,INFO
11:30:28.0 (348856)|USER_INFO|[EXTERNAL]|0051I000000KA2e|nicolasglz@partnercommunity.com|Pacific Standard Time|GMT-08:00
11:30:28.0 (385957)|EXECUTION_STARTED
11:30:28.0 (390311)|CODE_UNIT_STARTED|[EXTERNAL]|Aura
11:30:28.0 (1786379)|CODE_UNIT_STARTED|[EXTERNAL]|01p1I00000A1ov2|ContactsListController.findAll
11:30:28.0 (2419187)|HEAP_ALLOCATE|[72]|Bytes:3
11:30:28.0 (2451914)|HEAP_ALLOCATE|[77]|Bytes:152
11:30:28.0 (2465267)|HEAP_ALLOCATE|[342]|Bytes:408
11:30:28.0 (2479387)|HEAP_ALLOCATE|[355]|Bytes:408
11:30:28.0 (2491726)|HEAP_ALLOCATE|[467]|Bytes:48
11:30:28.0 (2518669)|HEAP_ALLOCATE|[139]|Bytes:6
11:30:28.0 (2533888)|HEAP_ALLOCATE|[EXTERNAL]|Bytes:3
11:30:28.0 (2542794)|METHOD_ENTRY|[1]|01p1I00000A1ov2|ContactsListController.ContactsListController()
11:30:28.0 (2548373)|STATEMENT_EXECUTE|[1]
11:30:28.0 (2553450)|STATEMENT_EXECUTE|[1]
11:30:28.0 (2580724)|HEAP_ALLOCATE|[50]|Bytes:5
11:30:28.0 (2600930)|HEAP_ALLOCATE|[56]|Bytes:5
11:30:28.0 (2610462)|HEAP_ALLOCATE|[64]|Bytes:7
11:30:28.0 (2638129)|SYSTEM_MODE_ENTER|false
11:30:28.0 (2664290)|HEAP_ALLOCATE|[EXTERNAL]|Bytes:5
11:30:28.0 (2671096)|SYSTEM_MODE_EXIT|false
11:30:28.0 (2679247)|METHOD_EXIT|[1]|ContactsListController
11:30:28.0 (2691044)|SYSTEM_MODE_ENTER|false
11:30:28.0 (2711507)|HEAP_ALLOCATE|[4]|Bytes:5
11:30:28.0 (2715315)|STATEMENT_EXECUTE|[3]
11:30:28.0 (2716397)|STATEMENT_EXECUTE|[4]
11:30:28.0 (2718578)|HEAP_ALLOCATE|[4]|Bytes:68
11:30:28.0 (2732209)|HEAP_ALLOCATE|[4]|Bytes:4
11:30:28.0 (3810001)|SOQL_EXECUTE_BEGIN|[4]|Aggregations:0|SELECT Name, Site, BillingAddress, Phone, Type FROM Account LIMIT 50
11:30:28.0 (6635450)|SOQL_EXECUTE_END|[4]|Rows:12
11:30:28.0 (6653616)|HEAP_ALLOCATE|[4]|Bytes:52
11:30:28.0 (6699531)|HEAP_ALLOCATE|[4]|Bytes:1518
11:30:28.0 (6736311)|HEAP_ALLOCATE|[4]|Bytes:52
11:30:28.0 (6750143)|SYSTEM_MODE_EXIT|false
11:30:28.6 (6776248)|CUMULATIVE_LIMIT_USAGE
11:30:28.6 (6776248)|LIMIT_USAGE_FOR_NS|(default)|
  Number of SOQL queries: 1 out of 100
  Number of query rows: 12 out of 50000
  Number of SOSL queries: 0 out of 20
  Number of DML statements: 0 out of 150
  Number of DML rows: 0 out of 10000
  Maximum CPU time: 0 out of 10000
  Maximum heap size: 0 out of 6000000
  Number of callouts: 0 out of 100
  Number of Email Invocations: 0 out of 10
  Number of future calls: 0 out of 50
  Number of queueable jobs added to the queue: 0 out of 50
  Number of Mobile Apex push calls: 0 out of 10

11:30:28.6 (6776248)|CUMULATIVE_LIMIT_USAGE_END

11:30:28.0 (6813582)|CODE_UNIT_FINISHED|ContactsListController.findAll
11:30:28.0 (7000315)|CODE_UNIT_FINISHED|Aura
11:30:28.0 (8121105)|EXECUTION_FINISHED
