41.0 APEX_CODE,FINEST;APEX_PROFILING,INFO;CALLOUT,INFO;DB,INFO;SYSTEM,DEBUG;VALIDATION,INFO;VISUALFORCE,INFO;WAVE,INFO;WORKFLOW,INFO
09:40:56.0 (319226)|USER_INFO|[EXTERNAL]|0051I000000KA2e|nicolasglz@partnercommunity.com|Pacific Standard Time|GMT-08:00
09:40:56.0 (353797)|EXECUTION_STARTED
09:40:56.0 (358096)|CODE_UNIT_STARTED|[EXTERNAL]|Aura
09:40:56.0 (1536508)|CODE_UNIT_STARTED|[EXTERNAL]|01p1I00000A1ov2|ContactsListController.findAll
09:40:56.0 (2192010)|HEAP_ALLOCATE|[72]|Bytes:3
09:40:56.0 (2239100)|HEAP_ALLOCATE|[77]|Bytes:152
09:40:56.0 (2256145)|HEAP_ALLOCATE|[342]|Bytes:408
09:40:56.0 (2272033)|HEAP_ALLOCATE|[355]|Bytes:408
09:40:56.0 (2284773)|HEAP_ALLOCATE|[467]|Bytes:48
09:40:56.0 (2314185)|HEAP_ALLOCATE|[139]|Bytes:6
09:40:56.0 (2334540)|HEAP_ALLOCATE|[EXTERNAL]|Bytes:3
09:40:56.0 (2345556)|METHOD_ENTRY|[1]|01p1I00000A1ov2|ContactsListController.ContactsListController()
09:40:56.0 (2351460)|STATEMENT_EXECUTE|[1]
09:40:56.0 (2357160)|STATEMENT_EXECUTE|[1]
09:40:56.0 (2386827)|HEAP_ALLOCATE|[50]|Bytes:5
09:40:56.0 (2409509)|HEAP_ALLOCATE|[56]|Bytes:5
09:40:56.0 (2416359)|HEAP_ALLOCATE|[64]|Bytes:7
09:40:56.0 (2436978)|SYSTEM_MODE_ENTER|false
09:40:56.0 (2453741)|HEAP_ALLOCATE|[EXTERNAL]|Bytes:5
09:40:56.0 (2462077)|SYSTEM_MODE_EXIT|false
09:40:56.0 (2470671)|METHOD_EXIT|[1]|ContactsListController
09:40:56.0 (2480219)|SYSTEM_MODE_ENTER|false
09:40:56.0 (2492449)|HEAP_ALLOCATE|[4]|Bytes:5
09:40:56.0 (2495930)|STATEMENT_EXECUTE|[3]
09:40:56.0 (2497156)|STATEMENT_EXECUTE|[4]
09:40:56.0 (2499820)|HEAP_ALLOCATE|[4]|Bytes:68
09:40:56.0 (2522459)|HEAP_ALLOCATE|[4]|Bytes:4
09:40:56.0 (3522906)|SOQL_EXECUTE_BEGIN|[4]|Aggregations:0|SELECT Name, Site, BillingAddress, Phone, Type FROM Account LIMIT 50
09:40:56.0 (6615788)|SOQL_EXECUTE_END|[4]|Rows:12
09:40:56.0 (6645183)|HEAP_ALLOCATE|[4]|Bytes:52
09:40:56.0 (6704444)|HEAP_ALLOCATE|[4]|Bytes:1518
09:40:56.0 (6776130)|HEAP_ALLOCATE|[4]|Bytes:52
09:40:56.0 (6801704)|SYSTEM_MODE_EXIT|false
09:40:56.6 (6838000)|CUMULATIVE_LIMIT_USAGE
09:40:56.6 (6838000)|LIMIT_USAGE_FOR_NS|(default)|
  Number of SOQL queries: 1 out of 100
  Number of query rows: 12 out of 50000
  Number of SOSL queries: 0 out of 20
  Number of DML statements: 0 out of 150
  Number of DML rows: 0 out of 10000
  Maximum CPU time: 0 out of 10000
  Maximum heap size: 0 out of 6000000
  Number of callouts: 0 out of 100
  Number of Email Invocations: 0 out of 10
  Number of future calls: 0 out of 50
  Number of queueable jobs added to the queue: 0 out of 50
  Number of Mobile Apex push calls: 0 out of 10

09:40:56.6 (6838000)|CUMULATIVE_LIMIT_USAGE_END

09:40:56.0 (6879481)|CODE_UNIT_FINISHED|ContactsListController.findAll
09:40:56.0 (7260234)|CODE_UNIT_FINISHED|Aura
09:40:56.0 (8411006)|EXECUTION_FINISHED
