41.0 APEX_CODE,FINEST;APEX_PROFILING,INFO;CALLOUT,INFO;DB,INFO;SYSTEM,DEBUG;VALIDATION,INFO;VISUALFORCE,INFO;WAVE,INFO;WORKFLOW,INFO
11:46:27.0 (254924)|USER_INFO|[EXTERNAL]|0051I000000KA2e|nicolasglz@partnercommunity.com|Pacific Standard Time|GMT-08:00
11:46:27.0 (292878)|EXECUTION_STARTED
11:46:27.0 (301879)|CODE_UNIT_STARTED|[EXTERNAL]|Aura
11:46:27.0 (1572125)|CODE_UNIT_STARTED|[EXTERNAL]|01p1I00000A1ov2|ContactsListController.findAll
11:46:27.0 (2091381)|HEAP_ALLOCATE|[72]|Bytes:3
11:46:27.0 (2123058)|HEAP_ALLOCATE|[77]|Bytes:152
11:46:27.0 (2135821)|HEAP_ALLOCATE|[342]|Bytes:408
11:46:27.0 (2150564)|HEAP_ALLOCATE|[355]|Bytes:408
11:46:27.0 (2163055)|HEAP_ALLOCATE|[467]|Bytes:48
11:46:27.0 (2190806)|HEAP_ALLOCATE|[139]|Bytes:6
11:46:27.0 (2207098)|HEAP_ALLOCATE|[EXTERNAL]|Bytes:3
11:46:27.0 (2218822)|METHOD_ENTRY|[1]|01p1I00000A1ov2|ContactsListController.ContactsListController()
11:46:27.0 (2224520)|STATEMENT_EXECUTE|[1]
11:46:27.0 (2229134)|STATEMENT_EXECUTE|[1]
11:46:27.0 (2257687)|HEAP_ALLOCATE|[50]|Bytes:5
11:46:27.0 (2277123)|HEAP_ALLOCATE|[56]|Bytes:5
11:46:27.0 (2283899)|HEAP_ALLOCATE|[64]|Bytes:7
11:46:27.0 (2303068)|SYSTEM_MODE_ENTER|false
11:46:27.0 (2312717)|HEAP_ALLOCATE|[EXTERNAL]|Bytes:5
11:46:27.0 (2319115)|SYSTEM_MODE_EXIT|false
11:46:27.0 (2325736)|METHOD_EXIT|[1]|ContactsListController
11:46:27.0 (2336014)|SYSTEM_MODE_ENTER|false
11:46:27.0 (2346436)|HEAP_ALLOCATE|[4]|Bytes:5
11:46:27.0 (2350207)|STATEMENT_EXECUTE|[3]
11:46:27.0 (2351307)|STATEMENT_EXECUTE|[4]
11:46:27.0 (2353717)|HEAP_ALLOCATE|[4]|Bytes:59
11:46:27.0 (2367354)|HEAP_ALLOCATE|[4]|Bytes:4
11:46:27.0 (3152269)|SOQL_EXECUTE_BEGIN|[4]|Aggregations:0|SELECT Name, Site, BillingAddress, Phone, Type FROM Account
11:46:27.0 (7123654)|SOQL_EXECUTE_END|[4]|Rows:12
11:46:27.0 (7141937)|HEAP_ALLOCATE|[4]|Bytes:52
11:46:27.0 (7182291)|HEAP_ALLOCATE|[4]|Bytes:1518
11:46:27.0 (7225790)|HEAP_ALLOCATE|[4]|Bytes:52
11:46:27.0 (7240152)|SYSTEM_MODE_EXIT|false
11:46:27.7 (7268527)|CUMULATIVE_LIMIT_USAGE
11:46:27.7 (7268527)|LIMIT_USAGE_FOR_NS|(default)|
  Number of SOQL queries: 1 out of 100
  Number of query rows: 12 out of 50000
  Number of SOSL queries: 0 out of 20
  Number of DML statements: 0 out of 150
  Number of DML rows: 0 out of 10000
  Maximum CPU time: 0 out of 10000
  Maximum heap size: 0 out of 6000000
  Number of callouts: 0 out of 100
  Number of Email Invocations: 0 out of 10
  Number of future calls: 0 out of 50
  Number of queueable jobs added to the queue: 0 out of 50
  Number of Mobile Apex push calls: 0 out of 10

11:46:27.7 (7268527)|CUMULATIVE_LIMIT_USAGE_END

11:46:27.0 (7302449)|CODE_UNIT_FINISHED|ContactsListController.findAll
11:46:27.0 (7498364)|CODE_UNIT_FINISHED|Aura
11:46:27.0 (8527958)|EXECUTION_FINISHED
