41.0 APEX_CODE,FINEST;APEX_PROFILING,INFO;CALLOUT,INFO;DB,INFO;SYSTEM,DEBUG;VALIDATION,INFO;VISUALFORCE,INFO;WAVE,INFO;WORKFLOW,INFO
09:41:01.0 (365130)|USER_INFO|[EXTERNAL]|0051I000000KA2e|nicolasglz@partnercommunity.com|Pacific Standard Time|GMT-08:00
09:41:01.0 (401849)|EXECUTION_STARTED
09:41:01.0 (406439)|CODE_UNIT_STARTED|[EXTERNAL]|Aura
09:41:01.0 (2028163)|CODE_UNIT_STARTED|[EXTERNAL]|01p1I00000A1ov2|ContactsListController.findAll
09:41:01.0 (2708559)|HEAP_ALLOCATE|[72]|Bytes:3
09:41:01.0 (2747359)|HEAP_ALLOCATE|[77]|Bytes:152
09:41:01.0 (2762591)|HEAP_ALLOCATE|[342]|Bytes:408
09:41:01.0 (2781324)|HEAP_ALLOCATE|[355]|Bytes:408
09:41:01.0 (2796588)|HEAP_ALLOCATE|[467]|Bytes:48
09:41:01.0 (2824156)|HEAP_ALLOCATE|[139]|Bytes:6
09:41:01.0 (2838081)|HEAP_ALLOCATE|[EXTERNAL]|Bytes:3
09:41:01.0 (2849265)|METHOD_ENTRY|[1]|01p1I00000A1ov2|ContactsListController.ContactsListController()
09:41:01.0 (2855383)|STATEMENT_EXECUTE|[1]
09:41:01.0 (2860547)|STATEMENT_EXECUTE|[1]
09:41:01.0 (2887784)|HEAP_ALLOCATE|[50]|Bytes:5
09:41:01.0 (2909432)|HEAP_ALLOCATE|[56]|Bytes:5
09:41:01.0 (2916858)|HEAP_ALLOCATE|[64]|Bytes:7
09:41:01.0 (2936340)|SYSTEM_MODE_ENTER|false
09:41:01.0 (2947349)|HEAP_ALLOCATE|[EXTERNAL]|Bytes:5
09:41:01.0 (2954311)|SYSTEM_MODE_EXIT|false
09:41:01.0 (2961383)|METHOD_EXIT|[1]|ContactsListController
09:41:01.0 (2971173)|SYSTEM_MODE_ENTER|false
09:41:01.0 (2981181)|HEAP_ALLOCATE|[4]|Bytes:5
09:41:01.0 (2985554)|STATEMENT_EXECUTE|[3]
09:41:01.0 (2986777)|STATEMENT_EXECUTE|[4]
09:41:01.0 (2989316)|HEAP_ALLOCATE|[4]|Bytes:68
09:41:01.0 (3002648)|HEAP_ALLOCATE|[4]|Bytes:4
09:41:01.0 (4079144)|SOQL_EXECUTE_BEGIN|[4]|Aggregations:0|SELECT Name, Site, BillingAddress, Phone, Type FROM Account LIMIT 50
09:41:01.0 (7373802)|SOQL_EXECUTE_END|[4]|Rows:12
09:41:01.0 (7397718)|HEAP_ALLOCATE|[4]|Bytes:52
09:41:01.0 (7443601)|HEAP_ALLOCATE|[4]|Bytes:1518
09:41:01.0 (7491403)|HEAP_ALLOCATE|[4]|Bytes:52
09:41:01.0 (7514022)|SYSTEM_MODE_EXIT|false
09:41:01.7 (7546393)|CUMULATIVE_LIMIT_USAGE
09:41:01.7 (7546393)|LIMIT_USAGE_FOR_NS|(default)|
  Number of SOQL queries: 1 out of 100
  Number of query rows: 12 out of 50000
  Number of SOSL queries: 0 out of 20
  Number of DML statements: 0 out of 150
  Number of DML rows: 0 out of 10000
  Maximum CPU time: 0 out of 10000
  Maximum heap size: 0 out of 6000000
  Number of callouts: 0 out of 100
  Number of Email Invocations: 0 out of 10
  Number of future calls: 0 out of 50
  Number of queueable jobs added to the queue: 0 out of 50
  Number of Mobile Apex push calls: 0 out of 10

09:41:01.7 (7546393)|CUMULATIVE_LIMIT_USAGE_END

09:41:01.0 (7581245)|CODE_UNIT_FINISHED|ContactsListController.findAll
09:41:01.0 (7784095)|CODE_UNIT_FINISHED|Aura
09:41:01.0 (8983400)|EXECUTION_FINISHED
