41.0 APEX_CODE,FINEST;APEX_PROFILING,INFO;CALLOUT,INFO;DB,INFO;SYSTEM,DEBUG;VALIDATION,INFO;VISUALFORCE,INFO;WAVE,INFO;WORKFLOW,INFO
10:19:44.0 (347206)|USER_INFO|[EXTERNAL]|0051I000000KA2e|nicolasglz@partnercommunity.com|Pacific Standard Time|GMT-08:00
10:19:44.0 (378998)|EXECUTION_STARTED
10:19:44.0 (383719)|CODE_UNIT_STARTED|[EXTERNAL]|Aura
10:19:44.0 (1726788)|CODE_UNIT_STARTED|[EXTERNAL]|01p1I00000A1ov2|ContactsListController.findAll
10:19:44.0 (2373681)|HEAP_ALLOCATE|[72]|Bytes:3
10:19:44.0 (2449756)|HEAP_ALLOCATE|[77]|Bytes:152
10:19:44.0 (2466112)|HEAP_ALLOCATE|[342]|Bytes:408
10:19:44.0 (2479744)|HEAP_ALLOCATE|[355]|Bytes:408
10:19:44.0 (2494641)|HEAP_ALLOCATE|[467]|Bytes:48
10:19:44.0 (2556492)|HEAP_ALLOCATE|[139]|Bytes:6
10:19:44.0 (2576407)|HEAP_ALLOCATE|[EXTERNAL]|Bytes:3
10:19:44.0 (2611957)|METHOD_ENTRY|[1]|01p1I00000A1ov2|ContactsListController.ContactsListController()
10:19:44.0 (2617165)|STATEMENT_EXECUTE|[1]
10:19:44.0 (2623618)|STATEMENT_EXECUTE|[1]
10:19:44.0 (2664240)|HEAP_ALLOCATE|[50]|Bytes:5
10:19:44.0 (2689954)|HEAP_ALLOCATE|[56]|Bytes:5
10:19:44.0 (2697051)|HEAP_ALLOCATE|[64]|Bytes:7
10:19:44.0 (2719694)|SYSTEM_MODE_ENTER|false
10:19:44.0 (2922119)|HEAP_ALLOCATE|[EXTERNAL]|Bytes:5
10:19:44.0 (2930118)|SYSTEM_MODE_EXIT|false
10:19:44.0 (2952836)|METHOD_EXIT|[1]|ContactsListController
10:19:44.0 (2970709)|SYSTEM_MODE_ENTER|false
10:19:44.0 (2986571)|HEAP_ALLOCATE|[4]|Bytes:5
10:19:44.0 (2990364)|STATEMENT_EXECUTE|[3]
10:19:44.0 (2991476)|STATEMENT_EXECUTE|[4]
10:19:44.0 (2993842)|HEAP_ALLOCATE|[4]|Bytes:68
10:19:44.0 (3019464)|HEAP_ALLOCATE|[4]|Bytes:4
10:19:44.0 (4115828)|SOQL_EXECUTE_BEGIN|[4]|Aggregations:0|SELECT Name, Site, BillingAddress, Phone, Type FROM Account LIMIT 50
10:19:44.0 (7202450)|SOQL_EXECUTE_END|[4]|Rows:12
10:19:44.0 (7225644)|HEAP_ALLOCATE|[4]|Bytes:52
10:19:44.0 (7271642)|HEAP_ALLOCATE|[4]|Bytes:1518
10:19:44.0 (7324967)|HEAP_ALLOCATE|[4]|Bytes:52
10:19:44.0 (7355027)|SYSTEM_MODE_EXIT|false
10:19:44.7 (7382187)|CUMULATIVE_LIMIT_USAGE
10:19:44.7 (7382187)|LIMIT_USAGE_FOR_NS|(default)|
  Number of SOQL queries: 1 out of 100
  Number of query rows: 12 out of 50000
  Number of SOSL queries: 0 out of 20
  Number of DML statements: 0 out of 150
  Number of DML rows: 0 out of 10000
  Maximum CPU time: 0 out of 10000
  Maximum heap size: 0 out of 6000000
  Number of callouts: 0 out of 100
  Number of Email Invocations: 0 out of 10
  Number of future calls: 0 out of 50
  Number of queueable jobs added to the queue: 0 out of 50
  Number of Mobile Apex push calls: 0 out of 10

10:19:44.7 (7382187)|CUMULATIVE_LIMIT_USAGE_END

10:19:44.0 (7415753)|CODE_UNIT_FINISHED|ContactsListController.findAll
10:19:44.0 (7655862)|CODE_UNIT_FINISHED|Aura
10:19:44.0 (8658853)|EXECUTION_FINISHED
