41.0 APEX_CODE,FINEST;APEX_PROFILING,INFO;CALLOUT,INFO;DB,INFO;SYSTEM,DEBUG;VALIDATION,INFO;VISUALFORCE,INFO;WAVE,INFO;WORKFLOW,INFO
11:28:52.0 (324464)|USER_INFO|[EXTERNAL]|0051I000000KA2e|nicolasglz@partnercommunity.com|Pacific Standard Time|GMT-08:00
11:28:52.0 (359290)|EXECUTION_STARTED
11:28:52.0 (363124)|CODE_UNIT_STARTED|[EXTERNAL]|Aura
11:28:52.0 (1847493)|CODE_UNIT_STARTED|[EXTERNAL]|01p1I00000A1ov2|ContactsListController.findAll
11:28:52.0 (2414816)|HEAP_ALLOCATE|[72]|Bytes:3
11:28:52.0 (2462148)|HEAP_ALLOCATE|[77]|Bytes:152
11:28:52.0 (2476944)|HEAP_ALLOCATE|[342]|Bytes:408
11:28:52.0 (2490122)|HEAP_ALLOCATE|[355]|Bytes:408
11:28:52.0 (2502890)|HEAP_ALLOCATE|[467]|Bytes:48
11:28:52.0 (2530438)|HEAP_ALLOCATE|[139]|Bytes:6
11:28:52.0 (2552357)|HEAP_ALLOCATE|[EXTERNAL]|Bytes:3
11:28:52.0 (2562741)|METHOD_ENTRY|[1]|01p1I00000A1ov2|ContactsListController.ContactsListController()
11:28:52.0 (2567335)|STATEMENT_EXECUTE|[1]
11:28:52.0 (2573352)|STATEMENT_EXECUTE|[1]
11:28:52.0 (2605112)|HEAP_ALLOCATE|[50]|Bytes:5
11:28:52.0 (2628150)|HEAP_ALLOCATE|[56]|Bytes:5
11:28:52.0 (2634905)|HEAP_ALLOCATE|[64]|Bytes:7
11:28:52.0 (2655734)|SYSTEM_MODE_ENTER|false
11:28:52.0 (2671123)|HEAP_ALLOCATE|[EXTERNAL]|Bytes:5
11:28:52.0 (2677876)|SYSTEM_MODE_EXIT|false
11:28:52.0 (2685869)|METHOD_EXIT|[1]|ContactsListController
11:28:52.0 (2699602)|SYSTEM_MODE_ENTER|false
11:28:52.0 (2711551)|HEAP_ALLOCATE|[4]|Bytes:5
11:28:52.0 (2715123)|STATEMENT_EXECUTE|[3]
11:28:52.0 (2716219)|STATEMENT_EXECUTE|[4]
11:28:52.0 (2718863)|HEAP_ALLOCATE|[4]|Bytes:68
11:28:52.0 (2740113)|HEAP_ALLOCATE|[4]|Bytes:4
11:28:52.0 (3719173)|SOQL_EXECUTE_BEGIN|[4]|Aggregations:0|SELECT Name, Site, BillingAddress, Phone, Type FROM Account LIMIT 50
11:28:52.0 (6407484)|SOQL_EXECUTE_END|[4]|Rows:12
11:28:52.0 (6427216)|HEAP_ALLOCATE|[4]|Bytes:52
11:28:52.0 (6469418)|HEAP_ALLOCATE|[4]|Bytes:1518
11:28:52.0 (6521109)|HEAP_ALLOCATE|[4]|Bytes:52
11:28:52.0 (6536701)|SYSTEM_MODE_EXIT|false
11:28:52.6 (6559038)|CUMULATIVE_LIMIT_USAGE
11:28:52.6 (6559038)|LIMIT_USAGE_FOR_NS|(default)|
  Number of SOQL queries: 1 out of 100
  Number of query rows: 12 out of 50000
  Number of SOSL queries: 0 out of 20
  Number of DML statements: 0 out of 150
  Number of DML rows: 0 out of 10000
  Maximum CPU time: 0 out of 10000
  Maximum heap size: 0 out of 6000000
  Number of callouts: 0 out of 100
  Number of Email Invocations: 0 out of 10
  Number of future calls: 0 out of 50
  Number of queueable jobs added to the queue: 0 out of 50
  Number of Mobile Apex push calls: 0 out of 10

11:28:52.6 (6559038)|CUMULATIVE_LIMIT_USAGE_END

11:28:52.0 (6591445)|CODE_UNIT_FINISHED|ContactsListController.findAll
11:28:52.0 (6782522)|CODE_UNIT_FINISHED|Aura
11:28:52.0 (7790103)|EXECUTION_FINISHED
