41.0 APEX_CODE,FINEST;APEX_PROFILING,INFO;CALLOUT,INFO;DB,INFO;SYSTEM,DEBUG;VALIDATION,INFO;VISUALFORCE,INFO;WAVE,INFO;WORKFLOW,INFO
11:25:21.0 (324322)|USER_INFO|[EXTERNAL]|0051I000000KA2e|nicolasglz@partnercommunity.com|Pacific Standard Time|GMT-08:00
11:25:21.0 (353647)|EXECUTION_STARTED
11:25:21.0 (357642)|CODE_UNIT_STARTED|[EXTERNAL]|Aura
11:25:21.0 (1706710)|CODE_UNIT_STARTED|[EXTERNAL]|01p1I00000A1ov2|ContactsListController.findAll
11:25:21.0 (2208714)|HEAP_ALLOCATE|[72]|Bytes:3
11:25:21.0 (2243051)|HEAP_ALLOCATE|[77]|Bytes:152
11:25:21.0 (2257530)|HEAP_ALLOCATE|[342]|Bytes:408
11:25:21.0 (2272545)|HEAP_ALLOCATE|[355]|Bytes:408
11:25:21.0 (2285317)|HEAP_ALLOCATE|[467]|Bytes:48
11:25:21.0 (2311956)|HEAP_ALLOCATE|[139]|Bytes:6
11:25:21.0 (2327942)|HEAP_ALLOCATE|[EXTERNAL]|Bytes:3
11:25:21.0 (2338463)|METHOD_ENTRY|[1]|01p1I00000A1ov2|ContactsListController.ContactsListController()
11:25:21.0 (2344087)|STATEMENT_EXECUTE|[1]
11:25:21.0 (2348765)|STATEMENT_EXECUTE|[1]
11:25:21.0 (2373885)|HEAP_ALLOCATE|[50]|Bytes:5
11:25:21.0 (2391704)|HEAP_ALLOCATE|[56]|Bytes:5
11:25:21.0 (2398210)|HEAP_ALLOCATE|[64]|Bytes:7
11:25:21.0 (2417778)|SYSTEM_MODE_ENTER|false
11:25:21.0 (2428168)|HEAP_ALLOCATE|[EXTERNAL]|Bytes:5
11:25:21.0 (2433473)|SYSTEM_MODE_EXIT|false
11:25:21.0 (2441245)|METHOD_EXIT|[1]|ContactsListController
11:25:21.0 (2449311)|SYSTEM_MODE_ENTER|false
11:25:21.0 (2460189)|HEAP_ALLOCATE|[4]|Bytes:5
11:25:21.0 (2463305)|STATEMENT_EXECUTE|[3]
11:25:21.0 (2464544)|STATEMENT_EXECUTE|[4]
11:25:21.0 (2466799)|HEAP_ALLOCATE|[4]|Bytes:68
11:25:21.0 (2480502)|HEAP_ALLOCATE|[4]|Bytes:4
11:25:21.0 (3396654)|SOQL_EXECUTE_BEGIN|[4]|Aggregations:0|SELECT Name, Site, BillingAddress, Phone, Type FROM Account LIMIT 50
11:25:21.0 (7049700)|SOQL_EXECUTE_END|[4]|Rows:12
11:25:21.0 (7070683)|HEAP_ALLOCATE|[4]|Bytes:52
11:25:21.0 (7106778)|HEAP_ALLOCATE|[4]|Bytes:1518
11:25:21.0 (7155700)|HEAP_ALLOCATE|[4]|Bytes:52
11:25:21.0 (7171990)|SYSTEM_MODE_EXIT|false
11:25:21.7 (7196073)|CUMULATIVE_LIMIT_USAGE
11:25:21.7 (7196073)|LIMIT_USAGE_FOR_NS|(default)|
  Number of SOQL queries: 1 out of 100
  Number of query rows: 12 out of 50000
  Number of SOSL queries: 0 out of 20
  Number of DML statements: 0 out of 150
  Number of DML rows: 0 out of 10000
  Maximum CPU time: 0 out of 10000
  Maximum heap size: 0 out of 6000000
  Number of callouts: 0 out of 100
  Number of Email Invocations: 0 out of 10
  Number of future calls: 0 out of 50
  Number of queueable jobs added to the queue: 0 out of 50
  Number of Mobile Apex push calls: 0 out of 10

11:25:21.7 (7196073)|CUMULATIVE_LIMIT_USAGE_END

11:25:21.0 (7227088)|CODE_UNIT_FINISHED|ContactsListController.findAll
11:25:21.0 (7427039)|CODE_UNIT_FINISHED|Aura
11:25:21.0 (8417108)|EXECUTION_FINISHED
