41.0 APEX_CODE,FINEST;APEX_PROFILING,INFO;CALLOUT,INFO;DB,INFO;SYSTEM,DEBUG;VALIDATION,INFO;VISUALFORCE,INFO;WAVE,INFO;WORKFLOW,INFO
11:48:22.0 (332018)|USER_INFO|[EXTERNAL]|0051I000000KA2e|nicolasglz@partnercommunity.com|Pacific Standard Time|GMT-08:00
11:48:22.0 (367104)|EXECUTION_STARTED
11:48:22.0 (372933)|CODE_UNIT_STARTED|[EXTERNAL]|Aura
11:48:22.0 (1871104)|CODE_UNIT_STARTED|[EXTERNAL]|01p1I00000A1ov2|ContactsListController.findAll
11:48:22.0 (2597101)|HEAP_ALLOCATE|[72]|Bytes:3
11:48:22.0 (2650923)|HEAP_ALLOCATE|[77]|Bytes:152
11:48:22.0 (2668564)|HEAP_ALLOCATE|[342]|Bytes:408
11:48:22.0 (2683462)|HEAP_ALLOCATE|[355]|Bytes:408
11:48:22.0 (2697816)|HEAP_ALLOCATE|[467]|Bytes:48
11:48:22.0 (2726860)|HEAP_ALLOCATE|[139]|Bytes:6
11:48:22.0 (2743217)|HEAP_ALLOCATE|[EXTERNAL]|Bytes:3
11:48:22.0 (2754004)|METHOD_ENTRY|[1]|01p1I00000A1ov2|ContactsListController.ContactsListController()
11:48:22.0 (2759929)|STATEMENT_EXECUTE|[1]
11:48:22.0 (2765581)|STATEMENT_EXECUTE|[1]
11:48:22.0 (2798040)|HEAP_ALLOCATE|[50]|Bytes:5
11:48:22.0 (2822271)|HEAP_ALLOCATE|[56]|Bytes:5
11:48:22.0 (2829249)|HEAP_ALLOCATE|[64]|Bytes:7
11:48:22.0 (2852295)|SYSTEM_MODE_ENTER|false
11:48:22.0 (2869205)|HEAP_ALLOCATE|[EXTERNAL]|Bytes:5
11:48:22.0 (2878512)|SYSTEM_MODE_EXIT|false
11:48:22.0 (2887682)|METHOD_EXIT|[1]|ContactsListController
11:48:22.0 (2897590)|SYSTEM_MODE_ENTER|false
11:48:22.0 (2910089)|HEAP_ALLOCATE|[4]|Bytes:5
11:48:22.0 (2914548)|STATEMENT_EXECUTE|[3]
11:48:22.0 (2915670)|STATEMENT_EXECUTE|[4]
11:48:22.0 (2918180)|HEAP_ALLOCATE|[4]|Bytes:59
11:48:22.0 (2940631)|HEAP_ALLOCATE|[4]|Bytes:4
11:48:22.0 (3994707)|SOQL_EXECUTE_BEGIN|[4]|Aggregations:0|SELECT Name, Site, BillingAddress, Phone, Type FROM Account
11:48:22.0 (6762268)|SOQL_EXECUTE_END|[4]|Rows:12
11:48:22.0 (6784624)|HEAP_ALLOCATE|[4]|Bytes:52
11:48:22.0 (6830684)|HEAP_ALLOCATE|[4]|Bytes:1518
11:48:22.0 (6877978)|HEAP_ALLOCATE|[4]|Bytes:52
11:48:22.0 (6893191)|SYSTEM_MODE_EXIT|false
11:48:22.6 (6921584)|CUMULATIVE_LIMIT_USAGE
11:48:22.6 (6921584)|LIMIT_USAGE_FOR_NS|(default)|
  Number of SOQL queries: 1 out of 100
  Number of query rows: 12 out of 50000
  Number of SOSL queries: 0 out of 20
  Number of DML statements: 0 out of 150
  Number of DML rows: 0 out of 10000
  Maximum CPU time: 0 out of 10000
  Maximum heap size: 0 out of 6000000
  Number of callouts: 0 out of 100
  Number of Email Invocations: 0 out of 10
  Number of future calls: 0 out of 50
  Number of queueable jobs added to the queue: 0 out of 50
  Number of Mobile Apex push calls: 0 out of 10

11:48:22.6 (6921584)|CUMULATIVE_LIMIT_USAGE_END

11:48:22.0 (6952368)|CODE_UNIT_FINISHED|ContactsListController.findAll
11:48:22.0 (7145103)|CODE_UNIT_FINISHED|Aura
11:48:22.0 (8133049)|EXECUTION_FINISHED
