41.0 APEX_CODE,FINEST;APEX_PROFILING,INFO;CALLOUT,INFO;DB,INFO;SYSTEM,DEBUG;VALIDATION,INFO;VISUALFORCE,INFO;WAVE,INFO;WORKFLOW,INFO
11:28:26.0 (372084)|USER_INFO|[EXTERNAL]|0051I000000KA2e|nicolasglz@partnercommunity.com|Pacific Standard Time|GMT-08:00
11:28:26.0 (409785)|EXECUTION_STARTED
11:28:26.0 (414437)|CODE_UNIT_STARTED|[EXTERNAL]|Aura
11:28:26.0 (1854974)|CODE_UNIT_STARTED|[EXTERNAL]|01p1I00000A1ov2|ContactsListController.findAll
11:28:26.0 (2449681)|HEAP_ALLOCATE|[72]|Bytes:3
11:28:26.0 (2524321)|HEAP_ALLOCATE|[77]|Bytes:152
11:28:26.0 (2539796)|HEAP_ALLOCATE|[342]|Bytes:408
11:28:26.0 (2553971)|HEAP_ALLOCATE|[355]|Bytes:408
11:28:26.0 (2566632)|HEAP_ALLOCATE|[467]|Bytes:48
11:28:26.0 (2631924)|HEAP_ALLOCATE|[139]|Bytes:6
11:28:26.0 (2652483)|HEAP_ALLOCATE|[EXTERNAL]|Bytes:3
11:28:26.0 (2690155)|METHOD_ENTRY|[1]|01p1I00000A1ov2|ContactsListController.ContactsListController()
11:28:26.0 (2696932)|STATEMENT_EXECUTE|[1]
11:28:26.0 (2702780)|STATEMENT_EXECUTE|[1]
11:28:26.0 (2731786)|HEAP_ALLOCATE|[50]|Bytes:5
11:28:26.0 (2753235)|HEAP_ALLOCATE|[56]|Bytes:5
11:28:26.0 (2760342)|HEAP_ALLOCATE|[64]|Bytes:7
11:28:26.0 (2780737)|SYSTEM_MODE_ENTER|false
11:28:26.0 (2930885)|HEAP_ALLOCATE|[EXTERNAL]|Bytes:5
11:28:26.0 (2939993)|SYSTEM_MODE_EXIT|false
11:28:26.0 (2962957)|METHOD_EXIT|[1]|ContactsListController
11:28:26.0 (2978855)|SYSTEM_MODE_ENTER|false
11:28:26.0 (2990964)|HEAP_ALLOCATE|[4]|Bytes:5
11:28:26.0 (2994815)|STATEMENT_EXECUTE|[3]
11:28:26.0 (2996264)|STATEMENT_EXECUTE|[4]
11:28:26.0 (2999640)|HEAP_ALLOCATE|[4]|Bytes:68
11:28:26.0 (3023665)|HEAP_ALLOCATE|[4]|Bytes:4
11:28:26.0 (4089054)|SOQL_EXECUTE_BEGIN|[4]|Aggregations:0|SELECT Name, Site, BillingAddress, Phone, Type FROM Account LIMIT 50
11:28:26.0 (7122906)|SOQL_EXECUTE_END|[4]|Rows:12
11:28:26.0 (7144767)|HEAP_ALLOCATE|[4]|Bytes:52
11:28:26.0 (7189330)|HEAP_ALLOCATE|[4]|Bytes:1518
11:28:26.0 (7244305)|HEAP_ALLOCATE|[4]|Bytes:52
11:28:26.0 (7274838)|SYSTEM_MODE_EXIT|false
11:28:26.7 (7301486)|CUMULATIVE_LIMIT_USAGE
11:28:26.7 (7301486)|LIMIT_USAGE_FOR_NS|(default)|
  Number of SOQL queries: 1 out of 100
  Number of query rows: 12 out of 50000
  Number of SOSL queries: 0 out of 20
  Number of DML statements: 0 out of 150
  Number of DML rows: 0 out of 10000
  Maximum CPU time: 0 out of 10000
  Maximum heap size: 0 out of 6000000
  Number of callouts: 0 out of 100
  Number of Email Invocations: 0 out of 10
  Number of future calls: 0 out of 50
  Number of queueable jobs added to the queue: 0 out of 50
  Number of Mobile Apex push calls: 0 out of 10

11:28:26.7 (7301486)|CUMULATIVE_LIMIT_USAGE_END

11:28:26.0 (7333642)|CODE_UNIT_FINISHED|ContactsListController.findAll
11:28:26.0 (7526035)|CODE_UNIT_FINISHED|Aura
11:28:26.0 (8679243)|EXECUTION_FINISHED
