41.0 APEX_CODE,FINEST;APEX_PROFILING,INFO;CALLOUT,INFO;DB,INFO;SYSTEM,DEBUG;VALIDATION,INFO;VISUALFORCE,INFO;WAVE,INFO;WORKFLOW,INFO
10:24:11.0 (335581)|USER_INFO|[EXTERNAL]|0051I000000KA2e|nicolasglz@partnercommunity.com|Pacific Standard Time|GMT-08:00
10:24:11.0 (366532)|EXECUTION_STARTED
10:24:11.0 (371275)|CODE_UNIT_STARTED|[EXTERNAL]|Aura
10:24:11.0 (1643930)|CODE_UNIT_STARTED|[EXTERNAL]|01p1I00000A1ov2|ContactsListController.findAll
10:24:11.0 (2322538)|HEAP_ALLOCATE|[72]|Bytes:3
10:24:11.0 (2368755)|HEAP_ALLOCATE|[77]|Bytes:152
10:24:11.0 (2384324)|HEAP_ALLOCATE|[342]|Bytes:408
10:24:11.0 (2398711)|HEAP_ALLOCATE|[355]|Bytes:408
10:24:11.0 (2411121)|HEAP_ALLOCATE|[467]|Bytes:48
10:24:11.0 (2438700)|HEAP_ALLOCATE|[139]|Bytes:6
10:24:11.0 (2459072)|HEAP_ALLOCATE|[EXTERNAL]|Bytes:3
10:24:11.0 (2470555)|METHOD_ENTRY|[1]|01p1I00000A1ov2|ContactsListController.ContactsListController()
10:24:11.0 (2477392)|STATEMENT_EXECUTE|[1]
10:24:11.0 (2482236)|STATEMENT_EXECUTE|[1]
10:24:11.0 (2514864)|HEAP_ALLOCATE|[50]|Bytes:5
10:24:11.0 (2541161)|HEAP_ALLOCATE|[56]|Bytes:5
10:24:11.0 (2548132)|HEAP_ALLOCATE|[64]|Bytes:7
10:24:11.0 (2574153)|SYSTEM_MODE_ENTER|false
10:24:11.0 (2589672)|HEAP_ALLOCATE|[EXTERNAL]|Bytes:5
10:24:11.0 (2597281)|SYSTEM_MODE_EXIT|false
10:24:11.0 (2605937)|METHOD_EXIT|[1]|ContactsListController
10:24:11.0 (2615940)|SYSTEM_MODE_ENTER|false
10:24:11.0 (2628295)|HEAP_ALLOCATE|[4]|Bytes:5
10:24:11.0 (2632270)|STATEMENT_EXECUTE|[3]
10:24:11.0 (2633409)|STATEMENT_EXECUTE|[4]
10:24:11.0 (2636246)|HEAP_ALLOCATE|[4]|Bytes:68
10:24:11.0 (2661037)|HEAP_ALLOCATE|[4]|Bytes:4
10:24:11.0 (3715579)|SOQL_EXECUTE_BEGIN|[4]|Aggregations:0|SELECT Name, Site, BillingAddress, Phone, Type FROM Account LIMIT 50
10:24:11.0 (6629641)|SOQL_EXECUTE_END|[4]|Rows:12
10:24:11.0 (6648891)|HEAP_ALLOCATE|[4]|Bytes:52
10:24:11.0 (6691666)|HEAP_ALLOCATE|[4]|Bytes:1518
10:24:11.0 (6746815)|HEAP_ALLOCATE|[4]|Bytes:52
10:24:11.0 (6762360)|SYSTEM_MODE_EXIT|false
10:24:11.6 (6786829)|CUMULATIVE_LIMIT_USAGE
10:24:11.6 (6786829)|LIMIT_USAGE_FOR_NS|(default)|
  Number of SOQL queries: 1 out of 100
  Number of query rows: 12 out of 50000
  Number of SOSL queries: 0 out of 20
  Number of DML statements: 0 out of 150
  Number of DML rows: 0 out of 10000
  Maximum CPU time: 0 out of 10000
  Maximum heap size: 0 out of 6000000
  Number of callouts: 0 out of 100
  Number of Email Invocations: 0 out of 10
  Number of future calls: 0 out of 50
  Number of queueable jobs added to the queue: 0 out of 50
  Number of Mobile Apex push calls: 0 out of 10

10:24:11.6 (6786829)|CUMULATIVE_LIMIT_USAGE_END

10:24:11.0 (6819496)|CODE_UNIT_FINISHED|ContactsListController.findAll
10:24:11.0 (7017064)|CODE_UNIT_FINISHED|Aura
10:24:11.0 (8241256)|EXECUTION_FINISHED
