41.0 APEX_CODE,FINEST;APEX_PROFILING,INFO;CALLOUT,INFO;DB,INFO;SYSTEM,DEBUG;VALIDATION,INFO;VISUALFORCE,INFO;WAVE,INFO;WORKFLOW,INFO
09:16:20.0 (335344)|USER_INFO|[EXTERNAL]|0051I000000KA2e|nicolasglz@partnercommunity.com|Pacific Standard Time|GMT-08:00
09:16:20.0 (371808)|EXECUTION_STARTED
09:16:20.0 (375236)|CODE_UNIT_STARTED|[EXTERNAL]|Aura
09:16:20.0 (2448442)|CODE_UNIT_STARTED|[EXTERNAL]|01p1I00000A1ov2|ContactsListController.findAll
09:16:20.0 (3288611)|HEAP_ALLOCATE|[72]|Bytes:3
09:16:20.0 (3352241)|HEAP_ALLOCATE|[77]|Bytes:152
09:16:20.0 (3380122)|HEAP_ALLOCATE|[342]|Bytes:408
09:16:20.0 (3407206)|HEAP_ALLOCATE|[355]|Bytes:408
09:16:20.0 (3433476)|HEAP_ALLOCATE|[467]|Bytes:48
09:16:20.0 (3476408)|HEAP_ALLOCATE|[139]|Bytes:6
09:16:20.0 (3509272)|HEAP_ALLOCATE|[EXTERNAL]|Bytes:3
09:16:20.0 (3570746)|METHOD_ENTRY|[1]|01p1I00000A1ov2|ContactsListController.ContactsListController()
09:16:20.0 (3580690)|STATEMENT_EXECUTE|[1]
09:16:20.0 (3587887)|STATEMENT_EXECUTE|[1]
09:16:20.0 (3637742)|HEAP_ALLOCATE|[50]|Bytes:5
09:16:20.0 (3671830)|HEAP_ALLOCATE|[56]|Bytes:5
09:16:20.0 (3685484)|HEAP_ALLOCATE|[64]|Bytes:7
09:16:20.0 (3718103)|SYSTEM_MODE_ENTER|false
09:16:20.0 (3738224)|HEAP_ALLOCATE|[EXTERNAL]|Bytes:5
09:16:20.0 (3750311)|SYSTEM_MODE_EXIT|false
09:16:20.0 (3781624)|METHOD_EXIT|[1]|ContactsListController
09:16:20.0 (3801972)|SYSTEM_MODE_ENTER|false
09:16:20.0 (3823605)|HEAP_ALLOCATE|[4]|Bytes:5
09:16:20.0 (3831269)|STATEMENT_EXECUTE|[3]
09:16:20.0 (3833273)|STATEMENT_EXECUTE|[4]
09:16:20.0 (3837435)|HEAP_ALLOCATE|[4]|Bytes:68
09:16:20.0 (3869590)|HEAP_ALLOCATE|[4]|Bytes:4
09:16:20.0 (5116266)|SOQL_EXECUTE_BEGIN|[4]|Aggregations:0|SELECT Name, Site, BillingAddress, Phone, Type FROM Account LIMIT 50
09:16:20.0 (12864172)|SOQL_EXECUTE_END|[4]|Rows:12
09:16:20.0 (12890599)|HEAP_ALLOCATE|[4]|Bytes:52
09:16:20.0 (12934444)|HEAP_ALLOCATE|[4]|Bytes:1518
09:16:20.0 (13000058)|HEAP_ALLOCATE|[4]|Bytes:52
09:16:20.0 (13029336)|SYSTEM_MODE_EXIT|false
09:16:20.13 (13059168)|CUMULATIVE_LIMIT_USAGE
09:16:20.13 (13059168)|LIMIT_USAGE_FOR_NS|(default)|
  Number of SOQL queries: 1 out of 100
  Number of query rows: 12 out of 50000
  Number of SOSL queries: 0 out of 20
  Number of DML statements: 0 out of 150
  Number of DML rows: 0 out of 10000
  Maximum CPU time: 0 out of 10000
  Maximum heap size: 0 out of 6000000
  Number of callouts: 0 out of 100
  Number of Email Invocations: 0 out of 10
  Number of future calls: 0 out of 50
  Number of queueable jobs added to the queue: 0 out of 50
  Number of Mobile Apex push calls: 0 out of 10

09:16:20.13 (13059168)|CUMULATIVE_LIMIT_USAGE_END

09:16:20.0 (13094111)|CODE_UNIT_FINISHED|ContactsListController.findAll
09:16:20.0 (13279063)|CODE_UNIT_FINISHED|Aura
09:16:20.0 (14287671)|EXECUTION_FINISHED
